  A subdirectory or file C:\Users\noxyt\Desktop\pixfight\PLATFORM\Windows\pixfight\data already exists.
  A subdirectory or file C:\Users\noxyt\Desktop\pixfight\PLATFORM\Windows\pixfight\data\save already exists.
  A subdirectory or file C:\Users\noxyt\Desktop\pixfight\PLATFORM\Windows\pixfight\data\icons already exists.
  C:\Users\noxyt\Desktop\pixfight\PLATFORM\Windows\pixfight\..\FMOD\bin\fmod.dll
  C:\Users\noxyt\Desktop\pixfight\PLATFORM\Windows\pixfight\..\FMOD\bin\fmod_codec_raw.dll
  C:\Users\noxyt\Desktop\pixfight\PLATFORM\Windows\pixfight\..\FMOD\bin\fmod_distance_filter.dll
  C:\Users\noxyt\Desktop\pixfight\PLATFORM\Windows\pixfight\..\FMOD\bin\fmod_gain.dll
  C:\Users\noxyt\Desktop\pixfight\PLATFORM\Windows\pixfight\..\FMOD\bin\fmod_noise.dll
  C:\Users\noxyt\Desktop\pixfight\PLATFORM\Windows\pixfight\..\FMOD\bin\lame_enc.dll
  C:\Users\noxyt\Desktop\pixfight\PLATFORM\Windows\pixfight\..\FMOD\bin\lame_enc64.dll
  C:\Users\noxyt\Desktop\pixfight\PLATFORM\Windows\pixfight\..\FMOD\bin\output_mp3.dll
          8 file(s) copied.
  C:\Users\noxyt\Desktop\pixfight\PLATFORM\Windows\pixfight\..\freetype2\bin\freetype6.dll
  C:\Users\noxyt\Desktop\pixfight\PLATFORM\Windows\pixfight\..\freetype2\bin\zlib1.dll
          2 file(s) copied.
  C:\Users\noxyt\Desktop\pixfight\PLATFORM\Windows\pixfight\..\glew\bin\Win32\glew32.dll
          1 file(s) copied.
  C:\Users\noxyt\Desktop\pixfight\PLATFORM\Windows\pixfight\..\glfw\bin\glfw3.dll
          1 file(s) copied.
          1 file(s) copied.
          1 file(s) copied.
  C:\Users\noxyt\Desktop\pixfight\PLATFORM\Windows\pixfight\..\..\..\CORE\Resources\maps\Hunt.lgf
  C:\Users\noxyt\Desktop\pixfight\PLATFORM\Windows\pixfight\..\..\..\CORE\Resources\maps\Hunt.map
  C:\Users\noxyt\Desktop\pixfight\PLATFORM\Windows\pixfight\..\..\..\CORE\Resources\maps\Hunt.png
  C:\Users\noxyt\Desktop\pixfight\PLATFORM\Windows\pixfight\..\..\..\CORE\Resources\maps\kingofhill.lgf
  C:\Users\noxyt\Desktop\pixfight\PLATFORM\Windows\pixfight\..\..\..\CORE\Resources\maps\kingofhill.map
  C:\Users\noxyt\Desktop\pixfight\PLATFORM\Windows\pixfight\..\..\..\CORE\Resources\maps\kingofhill.png
  C:\Users\noxyt\Desktop\pixfight\PLATFORM\Windows\pixfight\..\..\..\CORE\Resources\maps\pasage.lgf
  C:\Users\noxyt\Desktop\pixfight\PLATFORM\Windows\pixfight\..\..\..\CORE\Resources\maps\pasage.map
  C:\Users\noxyt\Desktop\pixfight\PLATFORM\Windows\pixfight\..\..\..\CORE\Resources\maps\pasage.png
  C:\Users\noxyt\Desktop\pixfight\PLATFORM\Windows\pixfight\..\..\..\CORE\Resources\maps\tutorial.lgf
  C:\Users\noxyt\Desktop\pixfight\PLATFORM\Windows\pixfight\..\..\..\CORE\Resources\maps\tutorial.map
  C:\Users\noxyt\Desktop\pixfight\PLATFORM\Windows\pixfight\..\..\..\CORE\Resources\maps\tutorial.png
  C:\Users\noxyt\Desktop\pixfight\PLATFORM\Windows\pixfight\..\..\..\CORE\Resources\maps\waterway.lgf
  C:\Users\noxyt\Desktop\pixfight\PLATFORM\Windows\pixfight\..\..\..\CORE\Resources\maps\waterway.map
  C:\Users\noxyt\Desktop\pixfight\PLATFORM\Windows\pixfight\..\..\..\CORE\Resources\maps\waterway.png
         15 file(s) copied.
  C:\Users\noxyt\Desktop\pixfight\PLATFORM\Windows\pixfight\..\..\..\CORE\Resources\music\map.mp3
  C:\Users\noxyt\Desktop\pixfight\PLATFORM\Windows\pixfight\..\..\..\CORE\Resources\music\menu.mp3
          2 file(s) copied.
  C:\Users\noxyt\Desktop\pixfight\PLATFORM\Windows\pixfight\..\..\..\CORE\Resources\sfx\ok.wav
  C:\Users\noxyt\Desktop\pixfight\PLATFORM\Windows\pixfight\..\..\..\CORE\Resources\sfx\select.wav
          2 file(s) copied.
  C:\Users\noxyt\Desktop\pixfight\PLATFORM\Windows\pixfight\..\..\..\CORE\Resources\textures\artilleryturret1.png
  C:\Users\noxyt\Desktop\pixfight\PLATFORM\Windows\pixfight\..\..\..\CORE\Resources\textures\artilleryturret2.png
  C:\Users\noxyt\Desktop\pixfight\PLATFORM\Windows\pixfight\..\..\..\CORE\Resources\textures\artilleryturret3.png
  C:\Users\noxyt\Desktop\pixfight\PLATFORM\Windows\pixfight\..\..\..\CORE\Resources\textures\artilleryturret4.png
  C:\Users\noxyt\Desktop\pixfight\PLATFORM\Windows\pixfight\..\..\..\CORE\Resources\textures\base.png
  C:\Users\noxyt\Desktop\pixfight\PLATFORM\Windows\pixfight\..\..\..\CORE\Resources\textures\bazooka1.png
  C:\Users\noxyt\Desktop\pixfight\PLATFORM\Windows\pixfight\..\..\..\CORE\Resources\textures\bazooka2.png
  C:\Users\noxyt\Desktop\pixfight\PLATFORM\Windows\pixfight\..\..\..\CORE\Resources\textures\bazooka3.png
  C:\Users\noxyt\Desktop\pixfight\PLATFORM\Windows\pixfight\..\..\..\CORE\Resources\textures\bazooka4.png
  C:\Users\noxyt\Desktop\pixfight\PLATFORM\Windows\pixfight\..\..\..\CORE\Resources\textures\bazookaatt1.png
  C:\Users\noxyt\Desktop\pixfight\PLATFORM\Windows\pixfight\..\..\..\CORE\Resources\textures\bazookaatt2.png
  C:\Users\noxyt\Desktop\pixfight\PLATFORM\Windows\pixfight\..\..\..\CORE\Resources\textures\bazookaatt3.png
  C:\Users\noxyt\Desktop\pixfight\PLATFORM\Windows\pixfight\..\..\..\CORE\Resources\textures\bazookaatt4.png
  C:\Users\noxyt\Desktop\pixfight\PLATFORM\Windows\pixfight\..\..\..\CORE\Resources\textures\digits.png
  C:\Users\noxyt\Desktop\pixfight\PLATFORM\Windows\pixfight\..\..\..\CORE\Resources\textures\empty1.png
  C:\Users\noxyt\Desktop\pixfight\PLATFORM\Windows\pixfight\..\..\..\CORE\Resources\textures\empty2.png
  C:\Users\noxyt\Desktop\pixfight\PLATFORM\Windows\pixfight\..\..\..\CORE\Resources\textures\explode.png
  C:\Users\noxyt\Desktop\pixfight\PLATFORM\Windows\pixfight\..\..\..\CORE\Resources\textures\infantry1.png
  C:\Users\noxyt\Desktop\pixfight\PLATFORM\Windows\pixfight\..\..\..\CORE\Resources\textures\infantry2.png
  C:\Users\noxyt\Desktop\pixfight\PLATFORM\Windows\pixfight\..\..\..\CORE\Resources\textures\infantry3.png
  C:\Users\noxyt\Desktop\pixfight\PLATFORM\Windows\pixfight\..\..\..\CORE\Resources\textures\infantry4.png
  C:\Users\noxyt\Desktop\pixfight\PLATFORM\Windows\pixfight\..\..\..\CORE\Resources\textures\infantryatt1.png
  C:\Users\noxyt\Desktop\pixfight\PLATFORM\Windows\pixfight\..\..\..\CORE\Resources\textures\infantryatt2.png
  C:\Users\noxyt\Desktop\pixfight\PLATFORM\Windows\pixfight\..\..\..\CORE\Resources\textures\infantryatt3.png
  C:\Users\noxyt\Desktop\pixfight\PLATFORM\Windows\pixfight\..\..\..\CORE\Resources\textures\infantryatt4.png
  C:\Users\noxyt\Desktop\pixfight\PLATFORM\Windows\pixfight\..\..\..\CORE\Resources\textures\jeep1.png
  C:\Users\noxyt\Desktop\pixfight\PLATFORM\Windows\pixfight\..\..\..\CORE\Resources\textures\jeep2.png
  C:\Users\noxyt\Desktop\pixfight\PLATFORM\Windows\pixfight\..\..\..\CORE\Resources\textures\jeep3.png
  C:\Users\noxyt\Desktop\pixfight\PLATFORM\Windows\pixfight\..\..\..\CORE\Resources\textures\jeep4.png
  C:\Users\noxyt\Desktop\pixfight\PLATFORM\Windows\pixfight\..\..\..\CORE\Resources\textures\jeepturret1.png
  C:\Users\noxyt\Desktop\pixfight\PLATFORM\Windows\pixfight\..\..\..\CORE\Resources\textures\jeepturret2.png
  C:\Users\noxyt\Desktop\pixfight\PLATFORM\Windows\pixfight\..\..\..\CORE\Resources\textures\jeepturret3.png
  C:\Users\noxyt\Desktop\pixfight\PLATFORM\Windows\pixfight\..\..\..\CORE\Resources\textures\jeepturret4.png
  C:\Users\noxyt\Desktop\pixfight\PLATFORM\Windows\pixfight\..\..\..\CORE\Resources\textures\redgreen.png
  C:\Users\noxyt\Desktop\pixfight\PLATFORM\Windows\pixfight\..\..\..\CORE\Resources\textures\tank1.png
  C:\Users\noxyt\Desktop\pixfight\PLATFORM\Windows\pixfight\..\..\..\CORE\Resources\textures\tank2.png
  C:\Users\noxyt\Desktop\pixfight\PLATFORM\Windows\pixfight\..\..\..\CORE\Resources\textures\tank3.png
  C:\Users\noxyt\Desktop\pixfight\PLATFORM\Windows\pixfight\..\..\..\CORE\Resources\textures\tank4.png
  C:\Users\noxyt\Desktop\pixfight\PLATFORM\Windows\pixfight\..\..\..\CORE\Resources\textures\tiles.png
  C:\Users\noxyt\Desktop\pixfight\PLATFORM\Windows\pixfight\..\..\..\CORE\Resources\textures\tracking.png
  C:\Users\noxyt\Desktop\pixfight\PLATFORM\Windows\pixfight\..\..\..\CORE\Resources\textures\trees.png
  C:\Users\noxyt\Desktop\pixfight\PLATFORM\Windows\pixfight\..\..\..\CORE\Resources\textures\turret1.png
  C:\Users\noxyt\Desktop\pixfight\PLATFORM\Windows\pixfight\..\..\..\CORE\Resources\textures\turret2.png
  C:\Users\noxyt\Desktop\pixfight\PLATFORM\Windows\pixfight\..\..\..\CORE\Resources\textures\turret3.png
  C:\Users\noxyt\Desktop\pixfight\PLATFORM\Windows\pixfight\..\..\..\CORE\Resources\textures\turret4.png
         45 file(s) copied.
  C:\Users\noxyt\Desktop\pixfight\PLATFORM\Windows\pixfight\..\..\..\CORE\Resources\UI\back.png
  C:\Users\noxyt\Desktop\pixfight\PLATFORM\Windows\pixfight\..\..\..\CORE\Resources\UI\back@2x.png
  C:\Users\noxyt\Desktop\pixfight\PLATFORM\Windows\pixfight\..\..\..\CORE\Resources\UI\buttonN.png
  C:\Users\noxyt\Desktop\pixfight\PLATFORM\Windows\pixfight\..\..\..\CORE\Resources\UI\buttonN@2x.png
  C:\Users\noxyt\Desktop\pixfight\PLATFORM\Windows\pixfight\..\..\..\CORE\Resources\UI\buttonP.png
  C:\Users\noxyt\Desktop\pixfight\PLATFORM\Windows\pixfight\..\..\..\CORE\Resources\UI\buttonP@2x.png
  C:\Users\noxyt\Desktop\pixfight\PLATFORM\Windows\pixfight\..\..\..\CORE\Resources\UI\empty.png
  C:\Users\noxyt\Desktop\pixfight\PLATFORM\Windows\pixfight\..\..\..\CORE\Resources\UI\empty@2x.png
  C:\Users\noxyt\Desktop\pixfight\PLATFORM\Windows\pixfight\..\..\..\CORE\Resources\UI\emptyp.png
  C:\Users\noxyt\Desktop\pixfight\PLATFORM\Windows\pixfight\..\..\..\CORE\Resources\UI\emptyp@2x.png
  C:\Users\noxyt\Desktop\pixfight\PLATFORM\Windows\pixfight\..\..\..\CORE\Resources\UI\home.png
  C:\Users\noxyt\Desktop\pixfight\PLATFORM\Windows\pixfight\..\..\..\CORE\Resources\UI\home@2x.png
  C:\Users\noxyt\Desktop\pixfight\PLATFORM\Windows\pixfight\..\..\..\CORE\Resources\UI\homep.png
  C:\Users\noxyt\Desktop\pixfight\PLATFORM\Windows\pixfight\..\..\..\CORE\Resources\UI\homep@2x.png
  C:\Users\noxyt\Desktop\pixfight\PLATFORM\Windows\pixfight\..\..\..\CORE\Resources\UI\logo.png
  C:\Users\noxyt\Desktop\pixfight\PLATFORM\Windows\pixfight\..\..\..\CORE\Resources\UI\logo@2x.png
  C:\Users\noxyt\Desktop\pixfight\PLATFORM\Windows\pixfight\..\..\..\CORE\Resources\UI\menubg.png
  C:\Users\noxyt\Desktop\pixfight\PLATFORM\Windows\pixfight\..\..\..\CORE\Resources\UI\menubg@2x.png
  C:\Users\noxyt\Desktop\pixfight\PLATFORM\Windows\pixfight\..\..\..\CORE\Resources\UI\turn.png
  C:\Users\noxyt\Desktop\pixfight\PLATFORM\Windows\pixfight\..\..\..\CORE\Resources\UI\turn@2x.png
  C:\Users\noxyt\Desktop\pixfight\PLATFORM\Windows\pixfight\..\..\..\CORE\Resources\UI\turnp.png
  C:\Users\noxyt\Desktop\pixfight\PLATFORM\Windows\pixfight\..\..\..\CORE\Resources\UI\turnp@2x.png
  C:\Users\noxyt\Desktop\pixfight\PLATFORM\Windows\pixfight\..\..\..\CORE\Resources\UI\undo.png
  C:\Users\noxyt\Desktop\pixfight\PLATFORM\Windows\pixfight\..\..\..\CORE\Resources\UI\undo@2x.png
  C:\Users\noxyt\Desktop\pixfight\PLATFORM\Windows\pixfight\..\..\..\CORE\Resources\UI\undop.png
  C:\Users\noxyt\Desktop\pixfight\PLATFORM\Windows\pixfight\..\..\..\CORE\Resources\UI\undop@2x.png
         26 file(s) copied.
  C:\Users\noxyt\Desktop\pixfight\PLATFORM\Windows\pixfight\..\..\..\CORE\Resources\shaders\Desktop\fontsimple.fsh
  C:\Users\noxyt\Desktop\pixfight\PLATFORM\Windows\pixfight\..\..\..\CORE\Resources\shaders\Desktop\fontsimple.vsh
  C:\Users\noxyt\Desktop\pixfight\PLATFORM\Windows\pixfight\..\..\..\CORE\Resources\shaders\Desktop\tile.fsh
  C:\Users\noxyt\Desktop\pixfight\PLATFORM\Windows\pixfight\..\..\..\CORE\Resources\shaders\Desktop\tile.vsh
          4 file(s) copied.
  C:\Users\noxyt\Desktop\pixfight\PLATFORM\Windows\pixfight\..\..\..\CORE\Resources\textures\icons\icon_artillery1.png
  C:\Users\noxyt\Desktop\pixfight\PLATFORM\Windows\pixfight\..\..\..\CORE\Resources\textures\icons\icon_artillery2.png
  C:\Users\noxyt\Desktop\pixfight\PLATFORM\Windows\pixfight\..\..\..\CORE\Resources\textures\icons\icon_artillery3.png
  C:\Users\noxyt\Desktop\pixfight\PLATFORM\Windows\pixfight\..\..\..\CORE\Resources\textures\icons\icon_artillery4.png
  C:\Users\noxyt\Desktop\pixfight\PLATFORM\Windows\pixfight\..\..\..\CORE\Resources\textures\icons\icon_bazooka1.png
  C:\Users\noxyt\Desktop\pixfight\PLATFORM\Windows\pixfight\..\..\..\CORE\Resources\textures\icons\icon_bazooka2.png
  C:\Users\noxyt\Desktop\pixfight\PLATFORM\Windows\pixfight\..\..\..\CORE\Resources\textures\icons\icon_bazooka3.png
  C:\Users\noxyt\Desktop\pixfight\PLATFORM\Windows\pixfight\..\..\..\CORE\Resources\textures\icons\icon_bazooka4.png
  C:\Users\noxyt\Desktop\pixfight\PLATFORM\Windows\pixfight\..\..\..\CORE\Resources\textures\icons\icon_infantry1.png
  C:\Users\noxyt\Desktop\pixfight\PLATFORM\Windows\pixfight\..\..\..\CORE\Resources\textures\icons\icon_infantry2.png
  C:\Users\noxyt\Desktop\pixfight\PLATFORM\Windows\pixfight\..\..\..\CORE\Resources\textures\icons\icon_infantry3.png
  C:\Users\noxyt\Desktop\pixfight\PLATFORM\Windows\pixfight\..\..\..\CORE\Resources\textures\icons\icon_infantry4.png
  C:\Users\noxyt\Desktop\pixfight\PLATFORM\Windows\pixfight\..\..\..\CORE\Resources\textures\icons\icon_jeep1.png
  C:\Users\noxyt\Desktop\pixfight\PLATFORM\Windows\pixfight\..\..\..\CORE\Resources\textures\icons\icon_jeep2.png
  C:\Users\noxyt\Desktop\pixfight\PLATFORM\Windows\pixfight\..\..\..\CORE\Resources\textures\icons\icon_jeep3.png
  C:\Users\noxyt\Desktop\pixfight\PLATFORM\Windows\pixfight\..\..\..\CORE\Resources\textures\icons\icon_jeep4.png
  C:\Users\noxyt\Desktop\pixfight\PLATFORM\Windows\pixfight\..\..\..\CORE\Resources\textures\icons\icon_tank1.png
  C:\Users\noxyt\Desktop\pixfight\PLATFORM\Windows\pixfight\..\..\..\CORE\Resources\textures\icons\icon_tank2.png
  C:\Users\noxyt\Desktop\pixfight\PLATFORM\Windows\pixfight\..\..\..\CORE\Resources\textures\icons\icon_tank3.png
  C:\Users\noxyt\Desktop\pixfight\PLATFORM\Windows\pixfight\..\..\..\CORE\Resources\textures\icons\icon_tank4.png
         20 file(s) copied.
  AIPlayer.cpp
c:\users\noxyt\desktop\pixfight\core\core-pch.hpp(28): warning C4005: 'GL_RED_EXT': macro redefinition
  c:\users\noxyt\desktop\pixfight\platform\windows\glew\include\gl\glew.h(12529): note: see previous definition of 'GL_RED_EXT'
c:\program files (x86)\windows kits\10\include\10.0.16299.0\shared\minwindef.h(130): warning C4005: 'APIENTRY': macro redefinition
  c:\users\noxyt\desktop\pixfight\platform\windows\glfw\include\glfw\glfw3.h(98): note: see previous definition of 'APIENTRY'
c:\users\noxyt\desktop\pixfight\core\gamelogic\gamelogic.hpp(34): warning C4305: 'initializing': truncation from 'double' to 'const float'
c:\users\noxyt\desktop\pixfight\core\ai\aiplayer.cpp(205): warning C4244: '=': conversion from 'float' to 'int', possible loss of data
c:\users\noxyt\desktop\pixfight\core\ai\aiplayer.cpp(206): warning C4244: '=': conversion from 'float' to 'int', possible loss of data
c:\users\noxyt\desktop\pixfight\core\ai\aiplayer.cpp(212): warning C4244: '=': conversion from 'double' to 'float', possible loss of data
c:\users\noxyt\desktop\pixfight\core\ai\aiplayer.cpp(224): warning C4244: 'argument': conversion from 'double' to 'float', possible loss of data
c:\users\noxyt\desktop\pixfight\core\ai\aiplayer.cpp(224): warning C4244: '=': conversion from 'float' to 'int', possible loss of data
c:\users\noxyt\desktop\pixfight\core\ai\aiplayer.cpp(244): warning C4244: '=': conversion from 'double' to 'float', possible loss of data
c:\users\noxyt\desktop\pixfight\core\ai\aiplayer.cpp(256): warning C4244: 'argument': conversion from 'double' to 'float', possible loss of data
c:\users\noxyt\desktop\pixfight\core\ai\aiplayer.cpp(256): warning C4244: '=': conversion from 'float' to 'int', possible loss of data
c:\users\noxyt\desktop\pixfight\core\ai\aiplayer.cpp(669): warning C4018: '<': signed/unsigned mismatch
c:\users\noxyt\desktop\pixfight\core\ai\aiplayer.cpp(688): warning C4018: '<': signed/unsigned mismatch
c:\users\noxyt\desktop\pixfight\core\ai\aiplayer.cpp(1343): warning C4244: 'argument': conversion from 'int' to 'float', possible loss of data
c:\users\noxyt\desktop\pixfight\core\ai\aiplayer.cpp(1367): warning C4244: 'initializing': conversion from 'double' to 'float', possible loss of data
c:\users\noxyt\desktop\pixfight\core\ai\aiplayer.cpp(1492): warning C4244: 'argument': conversion from 'int' to 'float', possible loss of data
c:\users\noxyt\desktop\pixfight\core\ai\aiplayer.cpp(1567): warning C4018: '<': signed/unsigned mismatch
c:\users\noxyt\desktop\pixfight\core\ai\aiplayer.cpp(1935): warning C4018: '<': signed/unsigned mismatch
c:\users\noxyt\desktop\pixfight\core\ai\aiplayer.cpp(1961): warning C4018: '<': signed/unsigned mismatch
c:\users\noxyt\desktop\pixfight\core\ai\aiplayer.cpp(2015): warning C4244: '=': conversion from 'float' to 'int', possible loss of data
c:\users\noxyt\desktop\pixfight\core\ai\aiplayer.cpp(2016): warning C4244: '=': conversion from 'float' to 'int', possible loss of data
c:\users\noxyt\desktop\pixfight\core\ai\aiplayer.cpp(2030): warning C4244: 'argument': conversion from 'int' to 'float', possible loss of data
c:\users\noxyt\desktop\pixfight\core\ai\aiplayer.cpp(2085): warning C4244: '=': conversion from 'float' to 'int', possible loss of data
c:\users\noxyt\desktop\pixfight\core\ai\aiplayer.cpp(2090): warning C4244: 'argument': conversion from 'int' to 'float', possible loss of data
c:\users\noxyt\desktop\pixfight\core\ai\aiplayer.cpp(2139): warning C4244: '=': conversion from 'float' to 'int', possible loss of data
c:\users\noxyt\desktop\pixfight\core\ai\aiplayer.cpp(2144): warning C4244: 'argument': conversion from 'int' to 'float', possible loss of data
c:\users\noxyt\desktop\pixfight\core\ai\aiplayer.cpp(2217): warning C4244: '=': conversion from 'float' to 'int', possible loss of data
c:\users\noxyt\desktop\pixfight\core\ai\aiplayer.cpp(2218): warning C4244: '=': conversion from 'float' to 'int', possible loss of data
c:\users\noxyt\desktop\pixfight\core\ai\aiplayer.cpp(2232): warning C4244: 'argument': conversion from 'int' to 'float', possible loss of data
c:\users\noxyt\desktop\pixfight\core\ai\aiplayer.cpp(2267): warning C4244: '=': conversion from 'float' to 'int', possible loss of data
c:\users\noxyt\desktop\pixfight\core\ai\aiplayer.cpp(2272): warning C4244: 'argument': conversion from 'int' to 'float', possible loss of data
c:\users\noxyt\desktop\pixfight\core\ai\aiplayer.cpp(2298): warning C4244: '=': conversion from 'float' to 'int', possible loss of data
c:\users\noxyt\desktop\pixfight\core\ai\aiplayer.cpp(2303): warning C4244: 'argument': conversion from 'int' to 'float', possible loss of data
  AITaskGenerator.cpp
c:\users\noxyt\desktop\pixfight\core\core-pch.hpp(28): warning C4005: 'GL_RED_EXT': macro redefinition
  c:\users\noxyt\desktop\pixfight\platform\windows\glew\include\gl\glew.h(12529): note: see previous definition of 'GL_RED_EXT'
c:\users\noxyt\desktop\pixfight\core\ai\aitaskgenerator.cpp(24): warning C4018: '<': signed/unsigned mismatch
c:\users\noxyt\desktop\pixfight\core\ai\aitaskgenerator.cpp(43): warning C4244: 'initializing': conversion from 'double' to 'long', possible loss of data
c:\users\noxyt\desktop\pixfight\core\ai\aitaskgenerator.cpp(52): warning C4018: '<': signed/unsigned mismatch
c:\users\noxyt\desktop\pixfight\core\ai\aitaskgenerator.cpp(128): warning C4018: '<': signed/unsigned mismatch
c:\users\noxyt\desktop\pixfight\core\ai\aitaskgenerator.cpp(243): warning C4018: '<': signed/unsigned mismatch
c:\users\noxyt\desktop\pixfight\core\ai\aitaskgenerator.cpp(349): warning C4018: '<': signed/unsigned mismatch
c:\users\noxyt\desktop\pixfight\core\ai\aitaskgenerator.cpp(358): warning C4018: '<': signed/unsigned mismatch
c:\users\noxyt\desktop\pixfight\core\ai\aitaskgenerator.cpp(392): warning C4018: '<': signed/unsigned mismatch
c:\users\noxyt\desktop\pixfight\core\ai\aitaskgenerator.cpp(401): warning C4018: '<': signed/unsigned mismatch
c:\users\noxyt\desktop\pixfight\core\ai\aitaskgenerator.cpp(435): warning C4018: '<': signed/unsigned mismatch
c:\users\noxyt\desktop\pixfight\core\ai\aitaskgenerator.cpp(476): warning C4018: '<': signed/unsigned mismatch
c:\users\noxyt\desktop\pixfight\core\ai\aitaskgenerator.cpp(532): warning C4018: '<': signed/unsigned mismatch
c:\users\noxyt\desktop\pixfight\core\ai\aitaskgenerator.cpp(590): warning C4244: '=': conversion from 'double' to 'float', possible loss of data
c:\users\noxyt\desktop\pixfight\core\ai\aitaskgenerator.cpp(609): warning C4305: '-=': truncation from 'double' to 'float'
  Core-pch.cpp
c:\users\noxyt\desktop\pixfight\core\core-pch.hpp(28): warning C4005: 'GL_RED_EXT': macro redefinition
  c:\users\noxyt\desktop\pixfight\platform\windows\glew\include\gl\glew.h(12529): note: see previous definition of 'GL_RED_EXT'
  GameBase.cpp
c:\users\noxyt\desktop\pixfight\core\core-pch.hpp(28): warning C4005: 'GL_RED_EXT': macro redefinition
  c:\users\noxyt\desktop\pixfight\platform\windows\glew\include\gl\glew.h(12529): note: see previous definition of 'GL_RED_EXT'
c:\users\noxyt\desktop\pixfight\core\gamelogic\gamebase.cpp(19): warning C4244: '=': conversion from 'const float' to 'int', possible loss of data
c:\users\noxyt\desktop\pixfight\core\gamelogic\gamebase.cpp(20): warning C4244: '=': conversion from 'const float' to 'int', possible loss of data
c:\users\noxyt\desktop\pixfight\core\gamelogic\gamebase.cpp(21): warning C4244: '=': conversion from 'const float' to 'int', possible loss of data
c:\users\noxyt\desktop\pixfight\core\gamelogic\gamebase.cpp(22): warning C4244: '=': conversion from 'const float' to 'int', possible loss of data
c:\users\noxyt\desktop\pixfight\core\gamelogic\gamebase.cpp(107): warning C4244: 'argument': conversion from 'double' to 'float', possible loss of data
  GameLogic.cpp
c:\users\noxyt\desktop\pixfight\core\core-pch.hpp(28): warning C4005: 'GL_RED_EXT': macro redefinition
  c:\users\noxyt\desktop\pixfight\platform\windows\glew\include\gl\glew.h(12529): note: see previous definition of 'GL_RED_EXT'
c:\program files (x86)\windows kits\10\include\10.0.16299.0\shared\minwindef.h(130): warning C4005: 'APIENTRY': macro redefinition
  c:\users\noxyt\desktop\pixfight\platform\windows\glfw\include\glfw\glfw3.h(98): note: see previous definition of 'APIENTRY'
c:\users\noxyt\desktop\pixfight\core\gamelogic\gamelogic.hpp(34): warning C4305: 'initializing': truncation from 'double' to 'const float'
c:\users\noxyt\desktop\pixfight\core\gamelogic\gamelogic.cpp(306): warning C4305: 'argument': truncation from 'double' to 'const float'
c:\users\noxyt\desktop\pixfight\core\gamelogic\gamelogic.cpp(312): warning C4244: '=': conversion from 'int' to 'float', possible loss of data
c:\users\noxyt\desktop\pixfight\core\gamelogic\gamelogic.cpp(313): warning C4244: '=': conversion from 'int' to 'float', possible loss of data
c:\users\noxyt\desktop\pixfight\core\gamelogic\gamelogic.cpp(340): warning C4305: 'argument': truncation from 'double' to 'const float'
c:\users\noxyt\desktop\pixfight\core\gamelogic\gamelogic.cpp(346): warning C4244: '=': conversion from 'int' to 'float', possible loss of data
c:\users\noxyt\desktop\pixfight\core\gamelogic\gamelogic.cpp(347): warning C4244: '=': conversion from 'int' to 'float', possible loss of data
c:\users\noxyt\desktop\pixfight\core\gamelogic\gamelogic.cpp(378): warning C4244: '=': conversion from 'int' to 'float', possible loss of data
c:\users\noxyt\desktop\pixfight\core\gamelogic\gamelogic.cpp(379): warning C4244: '=': conversion from 'int' to 'float', possible loss of data
c:\users\noxyt\desktop\pixfight\core\gamelogic\gamelogic.cpp(411): warning C4244: '=': conversion from 'int' to 'float', possible loss of data
c:\users\noxyt\desktop\pixfight\core\gamelogic\gamelogic.cpp(412): warning C4244: '=': conversion from 'int' to 'float', possible loss of data
c:\users\noxyt\desktop\pixfight\core\gamelogic\gamelogic.cpp(439): warning C4305: 'argument': truncation from 'double' to 'const float'
c:\users\noxyt\desktop\pixfight\core\gamelogic\gamelogic.cpp(446): warning C4244: '=': conversion from 'int' to 'float', possible loss of data
c:\users\noxyt\desktop\pixfight\core\gamelogic\gamelogic.cpp(447): warning C4244: '=': conversion from 'int' to 'float', possible loss of data
c:\users\noxyt\desktop\pixfight\core\gamelogic\gamelogic.cpp(527): warning C4018: '<': signed/unsigned mismatch
c:\users\noxyt\desktop\pixfight\core\gamelogic\gamelogic.cpp(565): warning C4018: '<': signed/unsigned mismatch
c:\users\noxyt\desktop\pixfight\core\gamelogic\gamelogic.cpp(1013): warning C4244: '=': conversion from 'double' to 'float', possible loss of data
c:\users\noxyt\desktop\pixfight\core\gamelogic\gamelogic.cpp(1040): warning C4244: 'argument': conversion from 'double' to 'float', possible loss of data
c:\users\noxyt\desktop\pixfight\core\gamelogic\gamelogic.cpp(1047): warning C4244: 'argument': conversion from 'float' to 'GLsizei', possible loss of data
c:\users\noxyt\desktop\pixfight\core\gamelogic\gamelogic.cpp(1085): warning C4244: 'initializing': conversion from 'double' to 'float', possible loss of data
c:\users\noxyt\desktop\pixfight\core\gamelogic\gamelogic.cpp(1086): warning C4244: 'initializing': conversion from 'double' to 'float', possible loss of data
c:\users\noxyt\desktop\pixfight\core\gamelogic\gamelogic.cpp(1102): warning C4305: 'argument': truncation from 'double' to 'float'
c:\users\noxyt\desktop\pixfight\core\gamelogic\gamelogic.cpp(1106): warning C4305: 'argument': truncation from 'double' to 'float'
c:\users\noxyt\desktop\pixfight\core\gamelogic\gamelogic.cpp(1359): warning C4305: 'argument': truncation from 'double' to 'const float'
c:\users\noxyt\desktop\pixfight\core\gamelogic\gamelogic.cpp(1365): warning C4244: '=': conversion from 'int' to 'float', possible loss of data
c:\users\noxyt\desktop\pixfight\core\gamelogic\gamelogic.cpp(1366): warning C4244: '=': conversion from 'int' to 'float', possible loss of data
c:\users\noxyt\desktop\pixfight\core\gamelogic\gamelogic.cpp(1388): warning C4305: 'argument': truncation from 'double' to 'const float'
c:\users\noxyt\desktop\pixfight\core\gamelogic\gamelogic.cpp(1395): warning C4244: '=': conversion from 'int' to 'float', possible loss of data
c:\users\noxyt\desktop\pixfight\core\gamelogic\gamelogic.cpp(1396): warning C4244: '=': conversion from 'int' to 'float', possible loss of data
c:\users\noxyt\desktop\pixfight\core\gamelogic\gamelogic.cpp(1423): warning C4244: '=': conversion from 'int' to 'float', possible loss of data
c:\users\noxyt\desktop\pixfight\core\gamelogic\gamelogic.cpp(1424): warning C4244: '=': conversion from 'int' to 'float', possible loss of data
c:\users\noxyt\desktop\pixfight\core\gamelogic\gamelogic.cpp(1451): warning C4244: '=': conversion from 'int' to 'float', possible loss of data
c:\users\noxyt\desktop\pixfight\core\gamelogic\gamelogic.cpp(1452): warning C4244: '=': conversion from 'int' to 'float', possible loss of data
c:\users\noxyt\desktop\pixfight\core\gamelogic\gamelogic.cpp(1474): warning C4305: 'argument': truncation from 'double' to 'const float'
c:\users\noxyt\desktop\pixfight\core\gamelogic\gamelogic.cpp(1481): warning C4244: '=': conversion from 'int' to 'float', possible loss of data
c:\users\noxyt\desktop\pixfight\core\gamelogic\gamelogic.cpp(1482): warning C4244: '=': conversion from 'int' to 'float', possible loss of data
c:\users\noxyt\desktop\pixfight\core\gamelogic\gamelogic.cpp(1610): warning C4018: '<': signed/unsigned mismatch
c:\users\noxyt\desktop\pixfight\core\gamelogic\gamelogic.cpp(1635): warning C4018: '<': signed/unsigned mismatch
c:\users\noxyt\desktop\pixfight\core\gamelogic\gamelogic.cpp(1714): warning C4244: 'initializing': conversion from 'const float' to 'uint32_t', possible loss of data
c:\users\noxyt\desktop\pixfight\core\gamelogic\gamelogic.cpp(1715): warning C4244: 'initializing': conversion from 'const float' to 'uint32_t', possible loss of data
c:\users\noxyt\desktop\pixfight\core\gamelogic\gamelogic.cpp(1733): warning C4305: 'argument': truncation from 'double' to 'const float'
c:\users\noxyt\desktop\pixfight\core\gamelogic\gamelogic.cpp(1745): warning C4305: 'argument': truncation from 'double' to 'const float'
c:\users\noxyt\desktop\pixfight\core\gamelogic\gamelogic.cpp(1756): warning C4305: 'argument': truncation from 'double' to 'const float'
c:\users\noxyt\desktop\pixfight\core\gamelogic\gamelogic.cpp(1760): warning C4305: 'argument': truncation from 'double' to 'const float'
c:\users\noxyt\desktop\pixfight\core\gamelogic\gamelogic.cpp(1791): warning C4018: '<': signed/unsigned mismatch
c:\users\noxyt\desktop\pixfight\core\gamelogic\gamelogic.cpp(1901): warning C4244: '=': conversion from 'float' to 'int', possible loss of data
c:\users\noxyt\desktop\pixfight\core\gamelogic\gamelogic.cpp(1902): warning C4244: '=': conversion from 'float' to 'int', possible loss of data
c:\users\noxyt\desktop\pixfight\core\gamelogic\gamelogic.cpp(1916): warning C4244: 'argument': conversion from 'int' to 'float', possible loss of data
c:\users\noxyt\desktop\pixfight\core\gamelogic\gamelogic.cpp(1950): warning C4244: '=': conversion from 'float' to 'int', possible loss of data
c:\users\noxyt\desktop\pixfight\core\gamelogic\gamelogic.cpp(1955): warning C4244: 'argument': conversion from 'int' to 'float', possible loss of data
c:\users\noxyt\desktop\pixfight\core\gamelogic\gamelogic.cpp(1981): warning C4244: '=': conversion from 'float' to 'int', possible loss of data
c:\users\noxyt\desktop\pixfight\core\gamelogic\gamelogic.cpp(1986): warning C4244: 'argument': conversion from 'int' to 'float', possible loss of data
c:\users\noxyt\desktop\pixfight\core\gamelogic\gamelogic.cpp(2022): warning C4244: '=': conversion from 'float' to 'int', possible loss of data
c:\users\noxyt\desktop\pixfight\core\gamelogic\gamelogic.cpp(2023): warning C4244: '=': conversion from 'float' to 'int', possible loss of data
c:\users\noxyt\desktop\pixfight\core\gamelogic\gamelogic.cpp(2037): warning C4244: 'argument': conversion from 'int' to 'float', possible loss of data
c:\users\noxyt\desktop\pixfight\core\gamelogic\gamelogic.cpp(2071): warning C4244: '=': conversion from 'float' to 'int', possible loss of data
c:\users\noxyt\desktop\pixfight\core\gamelogic\gamelogic.cpp(2076): warning C4244: 'argument': conversion from 'int' to 'float', possible loss of data
c:\users\noxyt\desktop\pixfight\core\gamelogic\gamelogic.cpp(2102): warning C4244: '=': conversion from 'float' to 'int', possible loss of data
c:\users\noxyt\desktop\pixfight\core\gamelogic\gamelogic.cpp(2107): warning C4244: 'argument': conversion from 'int' to 'float', possible loss of data
c:\users\noxyt\desktop\pixfight\core\gamelogic\gamelogic.cpp(2150): warning C4244: '=': conversion from 'float' to 'int', possible loss of data
c:\users\noxyt\desktop\pixfight\core\gamelogic\gamelogic.cpp(2151): warning C4244: '=': conversion from 'float' to 'int', possible loss of data
c:\users\noxyt\desktop\pixfight\core\gamelogic\gamelogic.cpp(2166): warning C4244: 'argument': conversion from 'int' to 'float', possible loss of data
c:\users\noxyt\desktop\pixfight\core\gamelogic\gamelogic.cpp(2222): warning C4244: '=': conversion from 'float' to 'int', possible loss of data
c:\users\noxyt\desktop\pixfight\core\gamelogic\gamelogic.cpp(2227): warning C4244: 'argument': conversion from 'int' to 'float', possible loss of data
c:\users\noxyt\desktop\pixfight\core\gamelogic\gamelogic.cpp(2276): warning C4244: '=': conversion from 'float' to 'int', possible loss of data
c:\users\noxyt\desktop\pixfight\core\gamelogic\gamelogic.cpp(2281): warning C4244: 'argument': conversion from 'int' to 'float', possible loss of data
c:\users\noxyt\desktop\pixfight\core\gamelogic\gamelogic.cpp(2369): warning C4305: 'argument': truncation from 'double' to 'const float'
c:\users\noxyt\desktop\pixfight\core\gamelogic\gamelogic.cpp(2375): warning C4244: '=': conversion from 'int' to 'float', possible loss of data
c:\users\noxyt\desktop\pixfight\core\gamelogic\gamelogic.cpp(2376): warning C4244: '=': conversion from 'int' to 'float', possible loss of data
c:\users\noxyt\desktop\pixfight\core\gamelogic\gamelogic.cpp(2398): warning C4305: 'argument': truncation from 'double' to 'const float'
c:\users\noxyt\desktop\pixfight\core\gamelogic\gamelogic.cpp(2405): warning C4244: '=': conversion from 'int' to 'float', possible loss of data
c:\users\noxyt\desktop\pixfight\core\gamelogic\gamelogic.cpp(2406): warning C4244: '=': conversion from 'int' to 'float', possible loss of data
c:\users\noxyt\desktop\pixfight\core\gamelogic\gamelogic.cpp(2433): warning C4244: '=': conversion from 'int' to 'float', possible loss of data
c:\users\noxyt\desktop\pixfight\core\gamelogic\gamelogic.cpp(2434): warning C4244: '=': conversion from 'int' to 'float', possible loss of data
c:\users\noxyt\desktop\pixfight\core\gamelogic\gamelogic.cpp(2461): warning C4244: '=': conversion from 'int' to 'float', possible loss of data
c:\users\noxyt\desktop\pixfight\core\gamelogic\gamelogic.cpp(2462): warning C4244: '=': conversion from 'int' to 'float', possible loss of data
c:\users\noxyt\desktop\pixfight\core\gamelogic\gamelogic.cpp(2484): warning C4305: 'argument': truncation from 'double' to 'const float'
c:\users\noxyt\desktop\pixfight\core\gamelogic\gamelogic.cpp(2491): warning C4244: '=': conversion from 'int' to 'float', possible loss of data
c:\users\noxyt\desktop\pixfight\core\gamelogic\gamelogic.cpp(2492): warning C4244: '=': conversion from 'int' to 'float', possible loss of data
c:\users\noxyt\desktop\pixfight\core\gamelogic\gamelogic.cpp(2533): warning C4244: 'argument': conversion from 'float' to 'const int', possible loss of data
c:\users\noxyt\desktop\pixfight\core\gamelogic\gamelogic.cpp(2685): warning C4305: 'argument': truncation from 'double' to 'const float'
c:\users\noxyt\desktop\pixfight\core\gamelogic\gamelogic.cpp(2698): warning C4305: 'argument': truncation from 'double' to 'const float'
  GameMap.cpp
c:\users\noxyt\desktop\pixfight\core\core-pch.hpp(28): warning C4005: 'GL_RED_EXT': macro redefinition
  c:\users\noxyt\desktop\pixfight\platform\windows\glew\include\gl\glew.h(12529): note: see previous definition of 'GL_RED_EXT'
c:\users\noxyt\desktop\pixfight\core\gamelogic\gamemap.cpp(249): warning C4244: '=': conversion from 'double' to 'int', possible loss of data
c:\users\noxyt\desktop\pixfight\core\gamelogic\gamemap.cpp(250): warning C4244: '=': conversion from 'double' to 'int', possible loss of data
c:\users\noxyt\desktop\pixfight\core\gamelogic\gamemap.cpp(262): warning C4244: 'argument': conversion from 'double' to 'float', possible loss of data
c:\users\noxyt\desktop\pixfight\core\gamelogic\gamemap.cpp(309): warning C4244: 'argument': conversion from 'double' to 'float', possible loss of data
c:\users\noxyt\desktop\pixfight\core\gamelogic\gamemap.cpp(317): warning C4018: '<': signed/unsigned mismatch
c:\users\noxyt\desktop\pixfight\core\gamelogic\gamemap.cpp(320): warning C4244: 'argument': conversion from 'int32_t' to 'float', possible loss of data
c:\users\noxyt\desktop\pixfight\core\gamelogic\gamemap.cpp(319): warning C4244: 'argument': conversion from 'int32_t' to 'float', possible loss of data
c:\users\noxyt\desktop\pixfight\core\gamelogic\gamemap.cpp(322): warning C4244: 'argument': conversion from 'double' to 'float', possible loss of data
c:\users\noxyt\desktop\pixfight\core\gamelogic\gamemap.cpp(339): warning C4244: 'argument': conversion from 'double' to 'float', possible loss of data
c:\users\noxyt\desktop\pixfight\core\gamelogic\gamemap.cpp(349): warning C4244: 'argument': conversion from 'double' to 'float', possible loss of data
c:\users\noxyt\desktop\pixfight\core\gamelogic\gamemap.cpp(364): warning C4244: 'argument': conversion from 'int32_t' to 'float', possible loss of data
c:\users\noxyt\desktop\pixfight\core\gamelogic\gamemap.cpp(369): warning C4244: 'argument': conversion from 'int32_t' to 'float', possible loss of data
c:\users\noxyt\desktop\pixfight\core\gamelogic\gamemap.cpp(428): warning C4244: '=': conversion from 'int' to 'float', possible loss of data
c:\users\noxyt\desktop\pixfight\core\gamelogic\gamemap.cpp(429): warning C4244: '=': conversion from 'int' to 'float', possible loss of data
c:\users\noxyt\desktop\pixfight\core\gamelogic\gamemap.cpp(434): warning C4244: '=': conversion from 'int' to 'float', possible loss of data
c:\users\noxyt\desktop\pixfight\core\gamelogic\gamemap.cpp(435): warning C4244: '=': conversion from 'int' to 'float', possible loss of data
c:\users\noxyt\desktop\pixfight\core\gamelogic\gamemap.cpp(455): warning C4244: '=': conversion from 'double' to 'float', possible loss of data
c:\users\noxyt\desktop\pixfight\core\gamelogic\gamemap.cpp(456): warning C4244: '=': conversion from 'double' to 'float', possible loss of data
c:\users\noxyt\desktop\pixfight\core\gamelogic\gamemap.cpp(470): warning C4244: '=': conversion from 'double' to 'float', possible loss of data
c:\users\noxyt\desktop\pixfight\core\gamelogic\gamemap.cpp(471): warning C4244: '=': conversion from 'double' to 'float', possible loss of data
c:\users\noxyt\desktop\pixfight\core\gamelogic\gamemap.cpp(491): warning C4244: '=': conversion from 'double' to 'int32_t', possible loss of data
c:\users\noxyt\desktop\pixfight\core\gamelogic\gamemap.cpp(492): warning C4244: '=': conversion from 'double' to 'int32_t', possible loss of data
c:\users\noxyt\desktop\pixfight\core\gamelogic\gamemap.cpp(505): warning C4244: '=': conversion from 'int' to 'float', possible loss of data
c:\users\noxyt\desktop\pixfight\core\gamelogic\gamemap.cpp(506): warning C4244: '=': conversion from 'int' to 'float', possible loss of data
c:\users\noxyt\desktop\pixfight\core\gamelogic\gamemap.cpp(519): warning C4244: 'argument': conversion from 'int' to 'float', possible loss of data
c:\users\noxyt\desktop\pixfight\core\gamelogic\gamemap.cpp(521): warning C4244: '=': conversion from 'int32_t' to 'float', possible loss of data
c:\users\noxyt\desktop\pixfight\core\gamelogic\gamemap.cpp(522): warning C4244: '=': conversion from 'int32_t' to 'float', possible loss of data
c:\users\noxyt\desktop\pixfight\core\gamelogic\gamemap.cpp(527): warning C4244: '=': conversion from 'int' to 'float', possible loss of data
c:\users\noxyt\desktop\pixfight\core\gamelogic\gamemap.cpp(528): warning C4244: '=': conversion from 'int' to 'float', possible loss of data
c:\users\noxyt\desktop\pixfight\core\gamelogic\gamemap.cpp(536): warning C4244: '=': conversion from 'int32_t' to 'float', possible loss of data
c:\users\noxyt\desktop\pixfight\core\gamelogic\gamemap.cpp(537): warning C4244: '=': conversion from 'int32_t' to 'float', possible loss of data
c:\users\noxyt\desktop\pixfight\core\gamelogic\gamemap.cpp(547): warning C4244: '=': conversion from 'int' to 'float', possible loss of data
c:\users\noxyt\desktop\pixfight\core\gamelogic\gamemap.cpp(548): warning C4244: '=': conversion from 'int' to 'float', possible loss of data
c:\users\noxyt\desktop\pixfight\core\gamelogic\gamemap.cpp(556): warning C4244: '=': conversion from 'int32_t' to 'float', possible loss of data
c:\users\noxyt\desktop\pixfight\core\gamelogic\gamemap.cpp(557): warning C4244: '=': conversion from 'int32_t' to 'float', possible loss of data
c:\users\noxyt\desktop\pixfight\core\gamelogic\gamemap.cpp(659): warning C4244: 'argument': conversion from 'unsigned int' to 'float', possible loss of data
c:\users\noxyt\desktop\pixfight\core\gamelogic\gamemap.cpp(672): warning C4244: 'argument': conversion from 'unsigned int' to 'float', possible loss of data
c:\users\noxyt\desktop\pixfight\core\gamelogic\gamemap.cpp(699): warning C4244: '=': conversion from 'const float' to 'unsigned int', possible loss of data
c:\users\noxyt\desktop\pixfight\core\gamelogic\gamemap.cpp(700): warning C4244: '=': conversion from 'const float' to 'unsigned int', possible loss of data
c:\users\noxyt\desktop\pixfight\core\gamelogic\gamemap.cpp(701): warning C4244: '=': conversion from 'const float' to 'unsigned int', possible loss of data
c:\users\noxyt\desktop\pixfight\core\gamelogic\gamemap.cpp(702): warning C4244: '=': conversion from 'const float' to 'unsigned int', possible loss of data
c:\users\noxyt\desktop\pixfight\core\gamelogic\gamemap.cpp(706): warning C4018: '>=': signed/unsigned mismatch
c:\users\noxyt\desktop\pixfight\core\gamelogic\gamemap.cpp(707): warning C4018: '>=': signed/unsigned mismatch
c:\users\noxyt\desktop\pixfight\core\gamelogic\gamemap.cpp(711): warning C4018: '>=': signed/unsigned mismatch
c:\users\noxyt\desktop\pixfight\core\gamelogic\gamemap.cpp(712): warning C4018: '>=': signed/unsigned mismatch
c:\users\noxyt\desktop\pixfight\core\gamelogic\gamemap.cpp(714): warning C4244: '=': conversion from 'int32_t' to 'float', possible loss of data
c:\users\noxyt\desktop\pixfight\core\gamelogic\gamemap.cpp(715): warning C4244: '=': conversion from 'int32_t' to 'float', possible loss of data
c:\users\noxyt\desktop\pixfight\core\gamelogic\gamemap.cpp(717): warning C4244: '=': conversion from 'int32_t' to 'float', possible loss of data
c:\users\noxyt\desktop\pixfight\core\gamelogic\gamemap.cpp(718): warning C4244: '=': conversion from 'int32_t' to 'float', possible loss of data
c:\users\noxyt\desktop\pixfight\core\gamelogic\gamemap.cpp(761): warning C4244: 'argument': conversion from 'unsigned int' to 'float', possible loss of data
c:\users\noxyt\desktop\pixfight\core\gamelogic\gamemap.cpp(772): warning C4244: 'argument': conversion from 'unsigned int' to 'float', possible loss of data
c:\users\noxyt\desktop\pixfight\core\gamelogic\gamemap.cpp(798): warning C4244: 'initializing': conversion from 'const float' to 'int', possible loss of data
c:\users\noxyt\desktop\pixfight\core\gamelogic\gamemap.cpp(799): warning C4244: 'initializing': conversion from 'const float' to 'int', possible loss of data
c:\users\noxyt\desktop\pixfight\core\gamelogic\gamemap.cpp(808): warning C4244: 'argument': conversion from 'int32_t' to 'float', possible loss of data
c:\users\noxyt\desktop\pixfight\core\gamelogic\gamemap.cpp(824): warning C4244: 'argument': conversion from 'int32_t' to 'float', possible loss of data
c:\users\noxyt\desktop\pixfight\core\gamelogic\gamemap.cpp(828): warning C4244: 'argument': conversion from 'int' to 'float', possible loss of data
c:\users\noxyt\desktop\pixfight\core\gamelogic\gamemap.cpp(1080): warning C4244: 'initializing': conversion from 'float' to 'int', possible loss of data
c:\users\noxyt\desktop\pixfight\core\gamelogic\gamemap.cpp(1081): warning C4244: 'initializing': conversion from 'float' to 'int', possible loss of data
c:\users\noxyt\desktop\pixfight\core\gamelogic\gamemap.cpp(1088): warning C4244: 'initializing': conversion from 'float' to 'int', possible loss of data
c:\users\noxyt\desktop\pixfight\core\gamelogic\gamemap.cpp(1089): warning C4244: 'initializing': conversion from 'float' to 'int', possible loss of data
  GameUnit.cpp
c:\users\noxyt\desktop\pixfight\core\core-pch.hpp(28): warning C4005: 'GL_RED_EXT': macro redefinition
  c:\users\noxyt\desktop\pixfight\platform\windows\glew\include\gl\glew.h(12529): note: see previous definition of 'GL_RED_EXT'
c:\users\noxyt\desktop\pixfight\core\gamelogic\gameunit.cpp(77): warning C4244: '=': conversion from 'const float' to 'int', possible loss of data
c:\users\noxyt\desktop\pixfight\core\gamelogic\gameunit.cpp(78): warning C4244: '=': conversion from 'const float' to 'int', possible loss of data
c:\users\noxyt\desktop\pixfight\core\gamelogic\gameunit.cpp(79): warning C4244: '=': conversion from 'const float' to 'int', possible loss of data
c:\users\noxyt\desktop\pixfight\core\gamelogic\gameunit.cpp(80): warning C4244: '=': conversion from 'const float' to 'int', possible loss of data
c:\users\noxyt\desktop\pixfight\core\gamelogic\gameunit.cpp(95): warning C4244: '=': conversion from 'const float' to 'int', possible loss of data
c:\users\noxyt\desktop\pixfight\core\gamelogic\gameunit.cpp(96): warning C4244: '=': conversion from 'const float' to 'int', possible loss of data
c:\users\noxyt\desktop\pixfight\core\gamelogic\gameunit.cpp(97): warning C4244: '=': conversion from 'const float' to 'int', possible loss of data
c:\users\noxyt\desktop\pixfight\core\gamelogic\gameunit.cpp(98): warning C4244: '=': conversion from 'const float' to 'int', possible loss of data
c:\users\noxyt\desktop\pixfight\core\gamelogic\gameunit.cpp(176): warning C4244: 'argument': conversion from 'int' to 'float', possible loss of data
c:\users\noxyt\desktop\pixfight\core\gamelogic\gameunit.cpp(177): warning C4244: 'argument': conversion from 'int' to 'float', possible loss of data
c:\users\noxyt\desktop\pixfight\core\gamelogic\gameunit.cpp(206): warning C4305: '=': truncation from 'double' to 'float'
c:\users\noxyt\desktop\pixfight\core\gamelogic\gameunit.cpp(209): warning C4305: '=': truncation from 'double' to 'float'
c:\users\noxyt\desktop\pixfight\core\gamelogic\gameunit.cpp(309): warning C4244: '=': conversion from 'double' to 'int', possible loss of data
c:\users\noxyt\desktop\pixfight\core\gamelogic\gameunit.cpp(408): warning C4244: 'argument': conversion from 'double' to 'float', possible loss of data
c:\users\noxyt\desktop\pixfight\core\gamelogic\gameunit.cpp(445): warning C4244: 'argument': conversion from 'double' to 'float', possible loss of data
c:\users\noxyt\desktop\pixfight\core\gamelogic\gameunit.cpp(452): warning C4244: 'argument': conversion from 'double' to 'float', possible loss of data
c:\users\noxyt\desktop\pixfight\core\gamelogic\gameunit.cpp(456): warning C4244: 'argument': conversion from 'double' to 'float', possible loss of data
c:\users\noxyt\desktop\pixfight\core\gamelogic\gameunit.cpp(519): warning C4244: '+=': conversion from 'double' to 'float', possible loss of data
c:\users\noxyt\desktop\pixfight\core\gamelogic\gameunit.cpp(531): warning C4244: 'argument': conversion from 'double' to 'float', possible loss of data
c:\users\noxyt\desktop\pixfight\core\gamelogic\gameunit.cpp(584): warning C4244: 'argument': conversion from 'double' to 'float', possible loss of data
c:\users\noxyt\desktop\pixfight\core\gamelogic\gameunit.cpp(604): warning C4244: 'initializing': conversion from 'double' to 'float', possible loss of data
c:\users\noxyt\desktop\pixfight\core\gamelogic\gameunit.cpp(662): warning C4018: '<': signed/unsigned mismatch
  SearchNode.cpp
c:\users\noxyt\desktop\pixfight\core\core-pch.hpp(28): warning C4005: 'GL_RED_EXT': macro redefinition
  c:\users\noxyt\desktop\pixfight\platform\windows\glew\include\gl\glew.h(12529): note: see previous definition of 'GL_RED_EXT'
  DrawingContext.cpp
c:\users\noxyt\desktop\pixfight\core\core-pch.hpp(28): warning C4005: 'GL_RED_EXT': macro redefinition
  c:\users\noxyt\desktop\pixfight\platform\windows\glew\include\gl\glew.h(12529): note: see previous definition of 'GL_RED_EXT'
c:\users\noxyt\desktop\pixfight\core\rendering\drawingcontext.cpp(50): warning C4244: 'argument': conversion from 'const int' to 'const xReal', possible loss of data
  GameAnimation.cpp
c:\users\noxyt\desktop\pixfight\core\core-pch.hpp(28): warning C4005: 'GL_RED_EXT': macro redefinition
  c:\users\noxyt\desktop\pixfight\platform\windows\glew\include\gl\glew.h(12529): note: see previous definition of 'GL_RED_EXT'
c:\users\noxyt\desktop\pixfight\core\rendering\gameanimation.cpp(23): warning C4244: 'initializing': conversion from 'float' to 'int', possible loss of data
c:\users\noxyt\desktop\pixfight\core\rendering\gameanimation.cpp(24): warning C4244: 'initializing': conversion from 'float' to 'int', possible loss of data
c:\users\noxyt\desktop\pixfight\core\rendering\gameanimation.cpp(25): warning C4244: 'initializing': conversion from 'const float' to 'int', possible loss of data
c:\users\noxyt\desktop\pixfight\core\rendering\gameanimation.cpp(31): warning C4244: '=': conversion from 'const float' to 'int', possible loss of data
c:\users\noxyt\desktop\pixfight\core\rendering\gameanimation.cpp(32): warning C4244: '=': conversion from 'const float' to 'int', possible loss of data
c:\users\noxyt\desktop\pixfight\core\rendering\gameanimation.cpp(33): warning C4244: '=': conversion from 'const float' to 'int', possible loss of data
c:\users\noxyt\desktop\pixfight\core\rendering\gameanimation.cpp(34): warning C4244: '=': conversion from 'const float' to 'int', possible loss of data
c:\users\noxyt\desktop\pixfight\core\rendering\gameanimation.cpp(59): warning C4244: 'argument': conversion from 'double' to 'float', possible loss of data
  Mesh2d.cpp
c:\users\noxyt\desktop\pixfight\core\core-pch.hpp(28): warning C4005: 'GL_RED_EXT': macro redefinition
  c:\users\noxyt\desktop\pixfight\platform\windows\glew\include\gl\glew.h(12529): note: see previous definition of 'GL_RED_EXT'
c:\users\noxyt\desktop\pixfight\core\rendering\mesh2d.cpp(28): warning C4244: '=': conversion from 'int' to 'float', possible loss of data
c:\users\noxyt\desktop\pixfight\core\rendering\mesh2d.cpp(29): warning C4244: '=': conversion from 'int' to 'float', possible loss of data
c:\users\noxyt\desktop\pixfight\core\rendering\mesh2d.cpp(131): warning C4244: 'argument': conversion from 'double' to 'xReal', possible loss of data
c:\users\noxyt\desktop\pixfight\core\rendering\mesh2d.cpp(153): warning C4244: '=': conversion from 'const int' to 'float', possible loss of data
c:\users\noxyt\desktop\pixfight\core\rendering\mesh2d.cpp(154): warning C4244: '=': conversion from 'const int' to 'float', possible loss of data
  ShaderProgram.cpp
c:\users\noxyt\desktop\pixfight\core\core-pch.hpp(28): warning C4005: 'GL_RED_EXT': macro redefinition
  c:\users\noxyt\desktop\pixfight\platform\windows\glew\include\gl\glew.h(12529): note: see previous definition of 'GL_RED_EXT'
  FontRender.cpp
c:\users\noxyt\desktop\pixfight\core\core-pch.hpp(28): warning C4005: 'GL_RED_EXT': macro redefinition
  c:\users\noxyt\desktop\pixfight\platform\windows\glew\include\gl\glew.h(12529): note: see previous definition of 'GL_RED_EXT'
  DataTypes.cpp
c:\users\noxyt\desktop\pixfight\core\core-pch.hpp(28): warning C4005: 'GL_RED_EXT': macro redefinition
  c:\users\noxyt\desktop\pixfight\platform\windows\glew\include\gl\glew.h(12529): note: see previous definition of 'GL_RED_EXT'
c:\users\noxyt\desktop\pixfight\core\ifuriongl\datatypes.cpp(95): warning C4244: 'initializing': conversion from 'float' to 'int', possible loss of data
c:\users\noxyt\desktop\pixfight\core\ifuriongl\datatypes.cpp(96): warning C4244: 'initializing': conversion from 'float' to 'int', possible loss of data
c:\users\noxyt\desktop\pixfight\core\ifuriongl\datatypes.cpp(99): warning C4244: 'argument': conversion from 'float' to 'int', possible loss of data
c:\users\noxyt\desktop\pixfight\core\ifuriongl\datatypes.cpp(99): warning C4244: '=': conversion from 'int' to 'float', possible loss of data
c:\users\noxyt\desktop\pixfight\core\ifuriongl\datatypes.cpp(100): warning C4244: 'argument': conversion from 'float' to 'int', possible loss of data
c:\users\noxyt\desktop\pixfight\core\ifuriongl\datatypes.cpp(100): warning C4244: '=': conversion from 'int' to 'float', possible loss of data
c:\users\noxyt\desktop\pixfight\core\ifuriongl\datatypes.cpp(102): warning C4244: 'argument': conversion from 'float' to 'int', possible loss of data
c:\users\noxyt\desktop\pixfight\core\ifuriongl\datatypes.cpp(102): warning C4244: '=': conversion from 'int' to 'float', possible loss of data
c:\users\noxyt\desktop\pixfight\core\ifuriongl\datatypes.cpp(103): warning C4244: 'argument': conversion from 'float' to 'int', possible loss of data
c:\users\noxyt\desktop\pixfight\core\ifuriongl\datatypes.cpp(103): warning C4244: '=': conversion from 'int' to 'float', possible loss of data
c:\users\noxyt\desktop\pixfight\core\ifuriongl\datatypes.cpp(105): warning C4244: 'argument': conversion from 'float' to 'int', possible loss of data
c:\users\noxyt\desktop\pixfight\core\ifuriongl\datatypes.cpp(105): warning C4244: '=': conversion from 'int' to 'float', possible loss of data
c:\users\noxyt\desktop\pixfight\core\ifuriongl\datatypes.cpp(106): warning C4244: 'argument': conversion from 'float' to 'int', possible loss of data
c:\users\noxyt\desktop\pixfight\core\ifuriongl\datatypes.cpp(106): warning C4244: '=': conversion from 'int' to 'float', possible loss of data
c:\users\noxyt\desktop\pixfight\core\ifuriongl\datatypes.cpp(108): warning C4244: 'argument': conversion from 'float' to 'int', possible loss of data
c:\users\noxyt\desktop\pixfight\core\ifuriongl\datatypes.cpp(108): warning C4244: '=': conversion from 'int' to 'float', possible loss of data
c:\users\noxyt\desktop\pixfight\core\ifuriongl\datatypes.cpp(109): warning C4244: 'argument': conversion from 'float' to 'int', possible loss of data
c:\users\noxyt\desktop\pixfight\core\ifuriongl\datatypes.cpp(109): warning C4244: '=': conversion from 'int' to 'float', possible loss of data
c:\users\noxyt\desktop\pixfight\core\ifuriongl\datatypes.cpp(120): warning C4244: 'argument': conversion from 'float' to 'int', possible loss of data
c:\users\noxyt\desktop\pixfight\core\ifuriongl\datatypes.cpp(120): warning C4244: '=': conversion from 'int' to 'float', possible loss of data
c:\users\noxyt\desktop\pixfight\core\ifuriongl\datatypes.cpp(121): warning C4244: 'argument': conversion from 'float' to 'int', possible loss of data
c:\users\noxyt\desktop\pixfight\core\ifuriongl\datatypes.cpp(121): warning C4244: '=': conversion from 'int' to 'float', possible loss of data
c:\users\noxyt\desktop\pixfight\core\ifuriongl\datatypes.cpp(123): warning C4244: 'argument': conversion from 'float' to 'int', possible loss of data
c:\users\noxyt\desktop\pixfight\core\ifuriongl\datatypes.cpp(123): warning C4244: '=': conversion from 'int' to 'float', possible loss of data
c:\users\noxyt\desktop\pixfight\core\ifuriongl\datatypes.cpp(124): warning C4244: 'argument': conversion from 'float' to 'int', possible loss of data
c:\users\noxyt\desktop\pixfight\core\ifuriongl\datatypes.cpp(124): warning C4244: '=': conversion from 'int' to 'float', possible loss of data
c:\users\noxyt\desktop\pixfight\core\ifuriongl\datatypes.cpp(126): warning C4244: 'argument': conversion from 'float' to 'int', possible loss of data
c:\users\noxyt\desktop\pixfight\core\ifuriongl\datatypes.cpp(126): warning C4244: '=': conversion from 'int' to 'float', possible loss of data
c:\users\noxyt\desktop\pixfight\core\ifuriongl\datatypes.cpp(127): warning C4244: 'argument': conversion from 'float' to 'int', possible loss of data
c:\users\noxyt\desktop\pixfight\core\ifuriongl\datatypes.cpp(127): warning C4244: '=': conversion from 'int' to 'float', possible loss of data
c:\users\noxyt\desktop\pixfight\core\ifuriongl\datatypes.cpp(129): warning C4244: 'argument': conversion from 'float' to 'int', possible loss of data
c:\users\noxyt\desktop\pixfight\core\ifuriongl\datatypes.cpp(129): warning C4244: '=': conversion from 'int' to 'float', possible loss of data
c:\users\noxyt\desktop\pixfight\core\ifuriongl\datatypes.cpp(130): warning C4244: 'argument': conversion from 'float' to 'int', possible loss of data
c:\users\noxyt\desktop\pixfight\core\ifuriongl\datatypes.cpp(130): warning C4244: '=': conversion from 'int' to 'float', possible loss of data
c:\users\noxyt\desktop\pixfight\core\ifuriongl\datatypes.cpp(342): warning C4244: 'argument': conversion from 'int' to 'float', possible loss of data
  FGLCollisions.cpp
c:\users\noxyt\desktop\pixfight\core\core-pch.hpp(28): warning C4005: 'GL_RED_EXT': macro redefinition
  c:\users\noxyt\desktop\pixfight\platform\windows\glew\include\gl\glew.h(12529): note: see previous definition of 'GL_RED_EXT'
c:\users\noxyt\desktop\pixfight\core\ifuriongl\fglcollisions.cpp(68): warning C4244: 'argument': conversion from 'float' to 'int', possible loss of data
c:\users\noxyt\desktop\pixfight\core\ifuriongl\fglcollisions.cpp(69): warning C4244: 'argument': conversion from 'float' to 'int', possible loss of data
c:\users\noxyt\desktop\pixfight\core\ifuriongl\fglcollisions.cpp(96): warning C4244: 'argument': conversion from 'float' to 'int', possible loss of data
c:\users\noxyt\desktop\pixfight\core\ifuriongl\fglcollisions.cpp(100): warning C4244: 'argument': conversion from 'float' to 'int', possible loss of data
c:\users\noxyt\desktop\pixfight\core\ifuriongl\fglcollisions.cpp(115): warning C4244: 'argument': conversion from 'float' to 'int', possible loss of data
c:\users\noxyt\desktop\pixfight\core\ifuriongl\fglcollisions.cpp(119): warning C4244: 'argument': conversion from 'float' to 'int', possible loss of data
c:\users\noxyt\desktop\pixfight\core\ifuriongl\fglcollisions.cpp(194): warning C4244: 'argument': conversion from 'float' to 'int', possible loss of data
c:\users\noxyt\desktop\pixfight\core\ifuriongl\fglcollisions.cpp(199): warning C4244: 'argument': conversion from 'float' to 'int', possible loss of data
  FGLDrawingDescriptor.cpp
c:\users\noxyt\desktop\pixfight\core\core-pch.hpp(28): warning C4005: 'GL_RED_EXT': macro redefinition
  c:\users\noxyt\desktop\pixfight\platform\windows\glew\include\gl\glew.h(12529): note: see previous definition of 'GL_RED_EXT'
c:\users\noxyt\desktop\pixfight\core\ifuriongl\fgldrawingdescriptor.cpp(35): warning C4244: 'argument': conversion from 'int' to 'float', possible loss of data
c:\users\noxyt\desktop\pixfight\core\ifuriongl\fgldrawingdescriptor.cpp(34): warning C4244: 'argument': conversion from 'int' to 'float', possible loss of data
c:\users\noxyt\desktop\pixfight\core\ifuriongl\fgldrawingdescriptor.cpp(40): warning C4244: 'argument': conversion from 'int' to 'float', possible loss of data
c:\users\noxyt\desktop\pixfight\core\ifuriongl\fgldrawingdescriptor.cpp(39): warning C4244: 'argument': conversion from 'int' to 'float', possible loss of data
c:\users\noxyt\desktop\pixfight\core\ifuriongl\fgldrawingdescriptor.cpp(59): warning C4244: 'argument': conversion from 'int' to 'float', possible loss of data
c:\users\noxyt\desktop\pixfight\core\ifuriongl\fgldrawingdescriptor.cpp(58): warning C4244: 'argument': conversion from 'int' to 'float', possible loss of data
c:\users\noxyt\desktop\pixfight\core\ifuriongl\fgldrawingdescriptor.cpp(66): warning C4244: 'argument': conversion from 'int' to 'float', possible loss of data
c:\users\noxyt\desktop\pixfight\core\ifuriongl\fgldrawingdescriptor.cpp(65): warning C4244: 'argument': conversion from 'int' to 'float', possible loss of data
  FGLMath.cpp
c:\users\noxyt\desktop\pixfight\core\core-pch.hpp(28): warning C4005: 'GL_RED_EXT': macro redefinition
  c:\users\noxyt\desktop\pixfight\platform\windows\glew\include\gl\glew.h(12529): note: see previous definition of 'GL_RED_EXT'
c:\users\noxyt\desktop\pixfight\core\ifuriongl\fglmath.cpp(40): warning C4244: 'argument': conversion from 'int' to 'float', possible loss of data
c:\users\noxyt\desktop\pixfight\core\ifuriongl\fglmath.cpp(49): warning C4244: 'argument': conversion from 'int' to 'float', possible loss of data
c:\users\noxyt\desktop\pixfight\core\ifuriongl\fglmath.cpp(53): warning C4244: '=': conversion from 'float' to 'int', possible loss of data
c:\users\noxyt\desktop\pixfight\core\ifuriongl\fglmath.cpp(54): warning C4244: '=': conversion from 'float' to 'int', possible loss of data
  FGLTexture.cpp
c:\users\noxyt\desktop\pixfight\core\core-pch.hpp(28): warning C4005: 'GL_RED_EXT': macro redefinition
  c:\users\noxyt\desktop\pixfight\platform\windows\glew\include\gl\glew.h(12529): note: see previous definition of 'GL_RED_EXT'
c:\users\noxyt\desktop\pixfight\core\ifuriongl\fgltexture.cpp(52): warning C4244: 'argument': conversion from 'int' to 'float', possible loss of data
c:\users\noxyt\desktop\pixfight\core\ifuriongl\fgltexture.cpp(53): warning C4244: 'argument': conversion from 'int' to 'float', possible loss of data
  FGLVector.cpp
c:\users\noxyt\desktop\pixfight\core\core-pch.hpp(28): warning C4005: 'GL_RED_EXT': macro redefinition
  c:\users\noxyt\desktop\pixfight\platform\windows\glew\include\gl\glew.h(12529): note: see previous definition of 'GL_RED_EXT'
c:\users\noxyt\desktop\pixfight\core\ifuriongl\fglvector.cpp(89): warning C4244: '=': conversion from 'int' to 'float', possible loss of data
c:\users\noxyt\desktop\pixfight\core\ifuriongl\fglvector.cpp(90): warning C4244: '=': conversion from 'int' to 'float', possible loss of data
c:\users\noxyt\desktop\pixfight\core\ifuriongl\fglvector.cpp(91): warning C4244: '=': conversion from 'int' to 'float', possible loss of data
c:\users\noxyt\desktop\pixfight\core\ifuriongl\fglvector.cpp(92): warning C4244: '=': conversion from 'int' to 'float', possible loss of data
c:\users\noxyt\desktop\pixfight\core\ifuriongl\fglvector.cpp(134): warning C4244: 'initializing': conversion from 'float' to 'int', possible loss of data
c:\users\noxyt\desktop\pixfight\core\ifuriongl\fglvector.cpp(196): warning C4244: 'initializing': conversion from 'float' to 'int', possible loss of data
c:\users\noxyt\desktop\pixfight\core\ifuriongl\fglvector.cpp(295): warning C4244: 'argument': conversion from 'int' to 'float', possible loss of data
c:\users\noxyt\desktop\pixfight\core\ifuriongl\fglvector.cpp(296): warning C4244: 'argument': conversion from 'int' to 'float', possible loss of data
c:\users\noxyt\desktop\pixfight\core\ifuriongl\fglvector.cpp(318): warning C4244: 'argument': conversion from 'int' to 'float', possible loss of data
c:\users\noxyt\desktop\pixfight\core\ifuriongl\fglvector.cpp(319): warning C4244: 'argument': conversion from 'int' to 'float', possible loss of data
c:\users\noxyt\desktop\pixfight\core\ifuriongl\fglvector.cpp(336): warning C4244: 'argument': conversion from 'int' to 'float', possible loss of data
c:\users\noxyt\desktop\pixfight\core\ifuriongl\fglvector.cpp(337): warning C4244: 'argument': conversion from 'int' to 'float', possible loss of data
c:\users\noxyt\desktop\pixfight\core\ifuriongl\fglvector.cpp(361): warning C4244: 'argument': conversion from 'int' to 'float', possible loss of data
c:\users\noxyt\desktop\pixfight\core\ifuriongl\fglvector.cpp(362): warning C4244: 'argument': conversion from 'int' to 'float', possible loss of data
  FurionGL.cpp
c:\users\noxyt\desktop\pixfight\core\core-pch.hpp(28): warning C4005: 'GL_RED_EXT': macro redefinition
  c:\users\noxyt\desktop\pixfight\platform\windows\glew\include\gl\glew.h(12529): note: see previous definition of 'GL_RED_EXT'
c:\users\noxyt\desktop\pixfight\core\ifuriongl\furiongl.cpp(35): warning C4244: '=': conversion from 'double' to 'float', possible loss of data
c:\users\noxyt\desktop\pixfight\core\ifuriongl\furiongl.cpp(36): warning C4244: '=': conversion from 'double' to 'float', possible loss of data
c:\users\noxyt\desktop\pixfight\core\ifuriongl\furiongl.cpp(37): warning C4244: '=': conversion from 'double' to 'float', possible loss of data
c:\users\noxyt\desktop\pixfight\core\ifuriongl\furiongl.cpp(57): warning C4244: 'argument': conversion from 'int' to 'float', possible loss of data
  Generating Code...
  Compiling...
  BasePathExtraction.cpp
c:\users\noxyt\desktop\pixfight\core\core-pch.hpp(28): warning C4005: 'GL_RED_EXT': macro redefinition
  c:\users\noxyt\desktop\pixfight\platform\windows\glew\include\gl\glew.h(12529): note: see previous definition of 'GL_RED_EXT'
  glMatrix4x4.cpp
c:\users\noxyt\desktop\pixfight\core\core-pch.hpp(28): warning C4005: 'GL_RED_EXT': macro redefinition
  c:\users\noxyt\desktop\pixfight\platform\windows\glew\include\gl\glew.h(12529): note: see previous definition of 'GL_RED_EXT'
c:\users\noxyt\desktop\pixfight\core\utilities\glmatrix4x4.cpp(74): warning C4244: 'argument': conversion from 'double' to 'float', possible loss of data
c:\users\noxyt\desktop\pixfight\core\utilities\glmatrix4x4.cpp(88): warning C4244: '=': conversion from 'double' to 'xReal', possible loss of data
c:\users\noxyt\desktop\pixfight\core\utilities\glmatrix4x4.cpp(125): warning C4244: '=': conversion from 'double' to 'xReal', possible loss of data
c:\users\noxyt\desktop\pixfight\core\utilities\glmatrix4x4.cpp(130): warning C4244: '=': conversion from 'double' to 'xReal', possible loss of data
c:\users\noxyt\desktop\pixfight\core\utilities\glmatrix4x4.cpp(135): warning C4244: '=': conversion from 'double' to 'xReal', possible loss of data
  glTextureLoader.cpp
c:\users\noxyt\desktop\pixfight\core\core-pch.hpp(28): warning C4005: 'GL_RED_EXT': macro redefinition
  c:\users\noxyt\desktop\pixfight\platform\windows\glew\include\gl\glew.h(12529): note: see previous definition of 'GL_RED_EXT'
  JoinRoomScene.cpp
c:\users\noxyt\desktop\pixfight\core\core-pch.hpp(28): warning C4005: 'GL_RED_EXT': macro redefinition
  c:\users\noxyt\desktop\pixfight\platform\windows\glew\include\gl\glew.h(12529): note: see previous definition of 'GL_RED_EXT'
c:\program files (x86)\windows kits\10\include\10.0.16299.0\shared\minwindef.h(130): warning C4005: 'APIENTRY': macro redefinition
  c:\users\noxyt\desktop\pixfight\platform\windows\glfw\include\glfw\glfw3.h(98): note: see previous definition of 'APIENTRY'
c:\users\noxyt\desktop\pixfight\platform\linux\joinroomscene.cpp(93): warning C4018: '<': signed/unsigned mismatch
  LoadGameScene.cpp
c:\users\noxyt\desktop\pixfight\core\core-pch.hpp(28): warning C4005: 'GL_RED_EXT': macro redefinition
  c:\users\noxyt\desktop\pixfight\platform\windows\glew\include\gl\glew.h(12529): note: see previous definition of 'GL_RED_EXT'
c:\program files (x86)\windows kits\10\include\10.0.16299.0\shared\minwindef.h(130): warning C4005: 'APIENTRY': macro redefinition
  c:\users\noxyt\desktop\pixfight\platform\windows\glfw\include\glfw\glfw3.h(98): note: see previous definition of 'APIENTRY'
c:\users\noxyt\desktop\pixfight\platform\linux\loadgamescene.cpp(46): warning C4838: conversion from 'double' to 'const float' requires a narrowing conversion
c:\users\noxyt\desktop\pixfight\platform\linux\loadgamescene.cpp(46): warning C4305: 'initializing': truncation from 'double' to 'const float'
c:\users\noxyt\desktop\pixfight\platform\linux\loadgamescene.cpp(83): warning C4018: '<': signed/unsigned mismatch
c:\users\noxyt\desktop\pixfight\platform\linux\loadgamescene.cpp(199): warning C4018: '>': signed/unsigned mismatch
  MakeRoomScene.cpp
c:\users\noxyt\desktop\pixfight\core\core-pch.hpp(28): warning C4005: 'GL_RED_EXT': macro redefinition
  c:\users\noxyt\desktop\pixfight\platform\windows\glew\include\gl\glew.h(12529): note: see previous definition of 'GL_RED_EXT'
c:\program files (x86)\windows kits\10\include\10.0.16299.0\shared\minwindef.h(130): warning C4005: 'APIENTRY': macro redefinition
  c:\users\noxyt\desktop\pixfight\platform\windows\glfw\include\glfw\glfw3.h(98): note: see previous definition of 'APIENTRY'
  MenuScene.cpp
c:\users\noxyt\desktop\pixfight\core\core-pch.hpp(28): warning C4005: 'GL_RED_EXT': macro redefinition
  c:\users\noxyt\desktop\pixfight\platform\windows\glew\include\gl\glew.h(12529): note: see previous definition of 'GL_RED_EXT'
  MultiplayerScene.cpp
c:\users\noxyt\desktop\pixfight\core\core-pch.hpp(28): warning C4005: 'GL_RED_EXT': macro redefinition
  c:\users\noxyt\desktop\pixfight\platform\windows\glew\include\gl\glew.h(12529): note: see previous definition of 'GL_RED_EXT'
c:\program files (x86)\windows kits\10\include\10.0.16299.0\shared\minwindef.h(130): warning C4005: 'APIENTRY': macro redefinition
  c:\users\noxyt\desktop\pixfight\platform\windows\glfw\include\glfw\glfw3.h(98): note: see previous definition of 'APIENTRY'
  NewGameScene.cpp
c:\users\noxyt\desktop\pixfight\core\core-pch.hpp(28): warning C4005: 'GL_RED_EXT': macro redefinition
  c:\users\noxyt\desktop\pixfight\platform\windows\glew\include\gl\glew.h(12529): note: see previous definition of 'GL_RED_EXT'
  PFSettings.cpp
c:\users\noxyt\desktop\pixfight\core\core-pch.hpp(28): warning C4005: 'GL_RED_EXT': macro redefinition
  c:\users\noxyt\desktop\pixfight\platform\windows\glew\include\gl\glew.h(12529): note: see previous definition of 'GL_RED_EXT'
  RenderScene.cpp
c:\users\noxyt\desktop\pixfight\core\core-pch.hpp(28): warning C4005: 'GL_RED_EXT': macro redefinition
  c:\users\noxyt\desktop\pixfight\platform\windows\glew\include\gl\glew.h(12529): note: see previous definition of 'GL_RED_EXT'
c:\program files (x86)\windows kits\10\include\10.0.16299.0\shared\minwindef.h(130): warning C4005: 'APIENTRY': macro redefinition
  c:\users\noxyt\desktop\pixfight\platform\windows\glfw\include\glfw\glfw3.h(98): note: see previous definition of 'APIENTRY'
c:\users\noxyt\desktop\pixfight\core\gamelogic\gamelogic.hpp(34): warning C4305: 'initializing': truncation from 'double' to 'const float'
c:\users\noxyt\desktop\pixfight\platform\linux\renderscene.cpp(244): warning C4838: conversion from 'double' to 'float' requires a narrowing conversion
c:\users\noxyt\desktop\pixfight\platform\linux\renderscene.cpp(244): warning C4305: 'initializing': truncation from 'double' to 'float'
c:\users\noxyt\desktop\pixfight\platform\linux\renderscene.cpp(282): warning C4838: conversion from 'double' to 'const float' requires a narrowing conversion
c:\users\noxyt\desktop\pixfight\platform\linux\renderscene.cpp(282): warning C4305: 'initializing': truncation from 'double' to 'const float'
c:\users\noxyt\desktop\pixfight\platform\linux\renderscene.cpp(346): warning C4244: '=': conversion from 'float' to 'int', possible loss of data
c:\users\noxyt\desktop\pixfight\platform\linux\renderscene.cpp(725): warning C4244: '+=': conversion from 'double' to 'float', possible loss of data
c:\users\noxyt\desktop\pixfight\platform\linux\renderscene.cpp(743): warning C4244: 'argument': conversion from 'double' to 'float', possible loss of data
c:\users\noxyt\desktop\pixfight\platform\linux\renderscene.cpp(754): warning C4244: 'argument': conversion from 'double' to 'float', possible loss of data
c:\users\noxyt\desktop\pixfight\platform\linux\renderscene.cpp(763): warning C4244: 'argument': conversion from 'double' to 'float', possible loss of data
  SceneManager.cpp
c:\users\noxyt\desktop\pixfight\core\core-pch.hpp(28): warning C4005: 'GL_RED_EXT': macro redefinition
  c:\users\noxyt\desktop\pixfight\platform\windows\glew\include\gl\glew.h(12529): note: see previous definition of 'GL_RED_EXT'
c:\users\noxyt\desktop\pixfight\platform\linux\settingsscene.hpp(24): warning C4244: 'argument': conversion from 'double' to 'float', possible loss of data
c:\program files (x86)\windows kits\10\include\10.0.16299.0\shared\minwindef.h(130): warning C4005: 'APIENTRY': macro redefinition
  c:\users\noxyt\desktop\pixfight\platform\windows\glfw\include\glfw\glfw3.h(98): note: see previous definition of 'APIENTRY'
c:\users\noxyt\desktop\pixfight\core\gamelogic\gamelogic.hpp(34): warning C4305: 'initializing': truncation from 'double' to 'const float'
  SettingsScene.cpp
c:\users\noxyt\desktop\pixfight\core\core-pch.hpp(28): warning C4005: 'GL_RED_EXT': macro redefinition
  c:\users\noxyt\desktop\pixfight\platform\windows\glew\include\gl\glew.h(12529): note: see previous definition of 'GL_RED_EXT'
c:\users\noxyt\desktop\pixfight\platform\linux\settingsscene.hpp(24): warning C4244: 'argument': conversion from 'double' to 'float', possible loss of data
c:\users\noxyt\desktop\pixfight\platform\linux\settingsscene.cpp(50): warning C4838: conversion from 'double' to 'const float' requires a narrowing conversion
c:\users\noxyt\desktop\pixfight\platform\linux\settingsscene.cpp(50): warning C4305: 'initializing': truncation from 'double' to 'const float'
c:\users\noxyt\desktop\pixfight\platform\linux\settingsscene.cpp(71): warning C4838: conversion from 'double' to 'const float' requires a narrowing conversion
c:\users\noxyt\desktop\pixfight\platform\linux\settingsscene.cpp(71): warning C4305: 'initializing': truncation from 'double' to 'const float'
c:\users\noxyt\desktop\pixfight\platform\linux\settingsscene.cpp(98): warning C4244: 'argument': conversion from 'double' to 'float', possible loss of data
  pixfight.cpp
c:\users\noxyt\desktop\pixfight\core\core-pch.hpp(28): warning C4005: 'GL_RED_EXT': macro redefinition
  c:\users\noxyt\desktop\pixfight\platform\windows\glew\include\gl\glew.h(12529): note: see previous definition of 'GL_RED_EXT'
c:\program files (x86)\windows kits\10\include\10.0.16299.0\shared\minwindef.h(130): warning C4005: 'APIENTRY': macro redefinition
  c:\users\noxyt\desktop\pixfight\platform\windows\glfw\include\glfw\glfw3.h(98): note: see previous definition of 'APIENTRY'
c:\users\noxyt\desktop\pixfight\core\gamelogic\gamelogic.hpp(34): warning C4305: 'initializing': truncation from 'double' to 'const float'
c:\users\noxyt\desktop\pixfight\platform\linux\settingsscene.hpp(24): warning C4244: 'argument': conversion from 'double' to 'float', possible loss of data
c:\users\noxyt\desktop\pixfight\platform\windows\pixfight\pixfight.cpp(189): warning C4305: 'argument': truncation from 'double' to 'float'
c:\users\noxyt\desktop\pixfight\platform\windows\pixfight\pixfight.cpp(304): warning C4305: 'argument': truncation from 'double' to 'GLclampf'
  Generating Code...
  pixfight.vcxproj -> C:\Users\noxyt\Desktop\pixfight\PLATFORM\Windows\pixfight\Debug\pixfight.exe
