c:\users\noxy\desktop\pixfight\platform\windows\pixfight\debug\pixfight.pch
c:\users\noxy\desktop\pixfight\platform\windows\pixfight\debug\vc141.pdb
c:\users\noxy\desktop\pixfight\platform\windows\pixfight\debug\vc141.idb
c:\users\noxy\desktop\pixfight\platform\windows\pixfight\debug\stdafx.obj
c:\users\noxy\desktop\pixfight\platform\windows\pixfight\debug\pixfight.obj
c:\users\noxy\desktop\pixfight\platform\windows\pixfight\debug\furiongl.obj
c:\users\noxy\desktop\pixfight\platform\windows\pixfight\debug\xmath.obj
c:\users\noxy\desktop\pixfight\platform\windows\pixfight\debug\xvec3.obj
c:\users\noxy\desktop\pixfight\platform\windows\pixfight\debug\searchnode.obj
c:\users\noxy\desktop\pixfight\platform\windows\pixfight\debug\drawingcontext.obj
c:\users\noxy\desktop\pixfight\platform\windows\pixfight\debug\gameanimation.obj
c:\users\noxy\desktop\pixfight\platform\windows\pixfight\debug\mesh2d.obj
c:\users\noxy\desktop\pixfight\platform\windows\pixfight\debug\shaderprogram.obj
c:\users\noxy\desktop\pixfight\platform\windows\pixfight\debug\basepathextraction.obj
c:\users\noxy\desktop\pixfight\platform\windows\pixfight\debug\gltextureloader.obj
c:\users\noxy\desktop\pixfight\platform\windows\pixfight\debug\gametimer.obj
c:\users\noxy\desktop\pixfight\platform\windows\pixfight\debug\pfsettings.obj
c:\users\noxy\desktop\pixfight\platform\windows\pixfight\debug\aiobject.obj
c:\users\noxy\desktop\pixfight\platform\windows\pixfight\debug\aiplayer.obj
c:\users\noxy\desktop\pixfight\platform\windows\pixfight\debug\aitaskgenerator.obj
c:\users\noxy\desktop\pixfight\platform\windows\pixfight\debug\audio.obj
c:\users\noxy\desktop\pixfight\platform\windows\pixfight\debug\core-pch.obj
c:\users\noxy\desktop\pixfight\platform\windows\pixfight\debug\fontrender.obj
c:\users\noxy\desktop\pixfight\platform\windows\pixfight\debug\gamebase.obj
c:\users\noxy\desktop\pixfight\platform\windows\pixfight\debug\gamelogic.obj
c:\users\noxy\desktop\pixfight\platform\windows\pixfight\debug\gamemap.obj
c:\users\noxy\desktop\pixfight\platform\windows\pixfight\debug\gamesync.obj
c:\users\noxy\desktop\pixfight\platform\windows\pixfight\debug\gameunit.obj
c:\users\noxy\desktop\pixfight\platform\windows\pixfight\debug\datatypes.obj
c:\users\noxy\desktop\pixfight\platform\windows\pixfight\debug\fglcollisions.obj
c:\users\noxy\desktop\pixfight\platform\windows\pixfight\debug\fgldrawingdescriptor.obj
c:\users\noxy\desktop\pixfight\platform\windows\pixfight\debug\fglmath.obj
c:\users\noxy\desktop\pixfight\platform\windows\pixfight\debug\fgltexture.obj
c:\users\noxy\desktop\pixfight\platform\windows\pixfight\debug\fglvector.obj
c:\users\noxy\desktop\pixfight\platform\windows\pixfight\debug\loadgamescene.obj
c:\users\noxy\desktop\pixfight\platform\windows\pixfight\debug\renderscene.obj
c:\users\noxy\desktop\pixfight\platform\windows\pixfight\debug\menuscene.obj
c:\users\noxy\desktop\pixfight\platform\windows\pixfight\debug\newgamescene.obj
c:\users\noxy\desktop\pixfight\platform\windows\pixfight\debug\settingsscene.obj
c:\users\noxy\desktop\pixfight\platform\windows\pixfight\debug\scenemanager.obj
c:\users\noxy\desktop\pixfight\platform\windows\pixfight\debug\glmatrix4x4.obj
c:\users\noxy\desktop\pixfight\platform\windows\pixfight\debug\windowstimer.obj
c:\users\noxy\desktop\pixfight\platform\windows\pixfight\debug\pixfight.exe
c:\users\noxy\desktop\pixfight\platform\windows\pixfight\debug\pixfight.ilk
c:\users\noxy\desktop\pixfight\platform\windows\pixfight\debug\pixfight.pdb
c:\users\noxy\desktop\pixfight\platform\windows\pixfight\debug\loadgamescene.obj.enc
c:\users\noxy\desktop\pixfight\platform\windows\pixfight\debug\windowstimer.obj.enc
c:\users\noxy\desktop\pixfight\platform\windows\pixfight\debug\pixfight.tlog\cl.command.1.tlog
c:\users\noxy\desktop\pixfight\platform\windows\pixfight\debug\pixfight.tlog\cl.read.1.tlog
c:\users\noxy\desktop\pixfight\platform\windows\pixfight\debug\pixfight.tlog\cl.write.1.tlog
c:\users\noxy\desktop\pixfight\platform\windows\pixfight\debug\pixfight.tlog\link.command.1.tlog
c:\users\noxy\desktop\pixfight\platform\windows\pixfight\debug\pixfight.tlog\link.read.1.tlog
c:\users\noxy\desktop\pixfight\platform\windows\pixfight\debug\pixfight.tlog\link.write.1.tlog
